<?xml version="1.0" encoding="UTF-8"?>
<testng-results ignored="0" total="1" passed="1" failed="0" skipped="0">
  <reporter-output>
  </reporter-output>
  <suite started-at="2019-06-01T14:21:00Z" name="Default suite" finished-at="2019-06-01T14:21:02Z" duration-ms="2094">
    <groups>
    </groups>
    <test started-at="2019-06-01T14:21:00Z" name="Default test" finished-at="2019-06-01T14:21:02Z" duration-ms="2094">
      <class name="TestAPI.GetAPITest">
        <test-method is-config="true" signature="setup()[pri:0, instance:TestAPI.GetAPITest@38afe297]" started-at="2019-06-01T14:21:00Z" name="setup" finished-at="2019-06-01T14:21:00Z" duration-ms="3" status="PASS">
          <reporter-output>
          </reporter-output>
        </test-method> <!-- setup -->
        <test-method signature="GetAPITest()[pri:0, instance:TestAPI.GetAPITest@38afe297]" started-at="2019-06-01T14:21:00Z" name="GetAPITest" finished-at="2019-06-01T14:21:02Z" duration-ms="2078" status="PASS">
          <reporter-output>
          </reporter-output>
        </test-method> <!-- GetAPITest -->
      </class> <!-- TestAPI.GetAPITest -->
    </test> <!-- Default test -->
  </suite> <!-- Default suite -->
</testng-results>
